Detected GPU: NVIDIA GeForce RTX 3090 -> 4.2s/step
============================================
Experiment: full_mlp_mult_cc33
Max steps:  50
Wallclock:  242s (~4.0min)
============================================
Env overrides:
  TRAIN_BATCH_TOKENS=65536
  VAL_BATCH_SIZE=65536
  VAL_LOSS_EVERY=50
  TRAIN_LOG_EVERY=10
  PYTORCH_CUDA_ALLOC_CONF=expandable_segments:True
============================================
logs/full_mlp_mult_cc33.txt
DEBUG_VAL_TOKENS: truncated val set to 16384 tokens
val_bpb:enabled tokenizer_kind=sentencepiece tokenizer_path=./data/tokenizers/fineweb_1024_bpe.model
train_loader:dataset:fineweb10B_sp1024 train_shards:1
val_loader:shards pattern=./data/datasets/fineweb10B_sp1024/fineweb_val_*.bin tokens:16384
model_params:15200822
world_size:1 grad_accum_steps:8
sdp_backends:cudnn=False flash=True mem_efficient=False math=False
attention_mode:gqa num_heads:6 num_kv_heads:3
tie_embeddings:False embed_lr:0.6 head_lr:0.008 matrix_lr:0.04 scalar_lr:0.04
train_batch_tokens:65536 train_seq_len:1024 iterations:50 warmup_steps:20 max_wallclock_seconds:242.000
seed:1337
factored_embed: bottleneck=128
soft_moe: num_experts=4
warmup_step:1/20
warmup_step:2/20
warmup_step:3/20
warmup_step:4/20
warmup_step:5/20
warmup_step:6/20
warmup_step:7/20
warmup_step:8/20
warmup_step:9/20
warmup_step:10/20
warmup_step:11/20
warmup_step:12/20
warmup_step:13/20
warmup_step:14/20
warmup_step:15/20
warmup_step:16/20
warmup_step:17/20
warmup_step:18/20
warmup_step:19/20
warmup_step:20/20
step:0/50 val_loss:6.9315 val_bpb:4.0551 train_time:0ms step_avg:0.01ms
step:1/50 train_loss:6.9315 train_time:626ms step_avg:626.06ms
step:2/50 train_loss:6.5215 train_time:1250ms step_avg:624.86ms
step:3/50 train_loss:6.1799 train_time:1876ms step_avg:625.41ms
step:4/50 train_loss:5.7821 train_time:2503ms step_avg:625.68ms
step:5/50 train_loss:5.4274 train_time:3129ms step_avg:625.83ms
step:6/50 train_loss:5.1980 train_time:3757ms step_avg:626.09ms
step:7/50 train_loss:5.0850 train_time:4384ms step_avg:626.24ms
step:8/50 train_loss:4.9910 train_time:5010ms step_avg:626.26ms
step:9/50 train_loss:4.9092 train_time:5639ms step_avg:626.55ms
step:10/50 train_loss:4.7961 train_time:6267ms step_avg:626.75ms
step:20/50 train_loss:4.4821 train_time:12552ms step_avg:627.58ms
step:30/50 train_loss:4.4807 train_time:18848ms step_avg:628.26ms
step:40/50 train_loss:4.2920 train_time:25148ms step_avg:628.71ms
step:50/50 train_loss:4.2531 train_time:31461ms step_avg:629.22ms
step:50/50 val_loss:4.3736 val_bpb:2.5587 train_time:31461ms step_avg:629.22ms
peak memory allocated: 2352 MiB reserved: 2368 MiB
Serialized model: 60602193 bytes
Code size: 85115 bytes
Total submission size: 60687308 bytes
SKIP_QUANT_EVAL: skipping quantization eval

=== Results ===
Final val_bpb:
step:50/50 val_loss:4.3736 val_bpb:2.5587 train_time:31461ms step_avg:629.22ms
Post-quant val_bpb:
    log0(f"final_int8_zlib_roundtrip_exact val_loss:{q_val_loss:.8f} val_bpb:{q_val_bpb:.8f}")
===============
