Detected GPU: NVIDIA GeForce RTX 3090 -> 4.2s/step
============================================
Experiment: explore_baseline_v2
Max steps:  500
Wallclock:  2415s (~40.2min)
============================================
Env overrides:
  TRAIN_BATCH_TOKENS=65536
  VAL_BATCH_SIZE=65536
  VAL_LOSS_EVERY=50
  TRAIN_LOG_EVERY=10
  PYTORCH_CUDA_ALLOC_CONF=expandable_segments:True
============================================
logs/explore_baseline_v2.txt
val_bpb:enabled tokenizer_kind=sentencepiece tokenizer_path=./data/tokenizers/fineweb_1024_bpe.model
train_loader:dataset:fineweb10B_sp1024 train_shards:1
val_loader:shards pattern=./data/datasets/fineweb10B_sp1024/fineweb_val_*.bin tokens:62021632
model_params:15200822
world_size:1 grad_accum_steps:8
sdp_backends:cudnn=False flash=True mem_efficient=False math=False
attention_mode:gqa num_heads:6 num_kv_heads:3
tie_embeddings:False embed_lr:0.6 head_lr:0.008 matrix_lr:0.04 scalar_lr:0.04
train_batch_tokens:65536 train_seq_len:1024 iterations:500 warmup_steps:20 max_wallclock_seconds:2415.000
seed:1337
factored_embed: bottleneck=128
soft_moe: num_experts=4
warmup_step:1/20
warmup_step:2/20
warmup_step:3/20
warmup_step:4/20
warmup_step:5/20
warmup_step:6/20
warmup_step:7/20
warmup_step:8/20
warmup_step:9/20
warmup_step:10/20
warmup_step:11/20
warmup_step:12/20
warmup_step:13/20
warmup_step:14/20
warmup_step:15/20
warmup_step:16/20
warmup_step:17/20
warmup_step:18/20
warmup_step:19/20
warmup_step:20/20
step:0/500 val_loss:6.9315 val_bpb:4.1052 train_time:0ms step_avg:0.02ms
step:1/500 train_loss:6.9315 train_time:645ms step_avg:644.87ms
step:2/500 train_loss:6.5215 train_time:1283ms step_avg:641.54ms
step:3/500 train_loss:5.5572 train_time:1928ms step_avg:642.52ms
step:4/500 train_loss:5.1416 train_time:2571ms step_avg:642.84ms
step:5/500 train_loss:4.9184 train_time:3215ms step_avg:642.92ms
step:6/500 train_loss:4.7782 train_time:3856ms step_avg:642.71ms
step:7/500 train_loss:4.7966 train_time:4503ms step_avg:643.31ms
step:8/500 train_loss:4.6871 train_time:5148ms step_avg:643.46ms
step:9/500 train_loss:4.6911 train_time:5793ms step_avg:643.71ms
step:10/500 train_loss:4.5981 train_time:6438ms step_avg:643.82ms
step:20/500 train_loss:4.3899 train_time:12872ms step_avg:643.62ms
step:30/500 train_loss:4.3930 train_time:19304ms step_avg:643.48ms
step:40/500 train_loss:4.0993 train_time:25740ms step_avg:643.49ms
step:50/500 train_loss:3.9812 train_time:32174ms step_avg:643.47ms
step:50/500 val_loss:4.0364 val_bpb:2.3906 train_time:32174ms step_avg:643.48ms
step:60/500 train_loss:3.9140 train_time:38631ms step_avg:643.85ms
step:70/500 train_loss:3.7160 train_time:45078ms step_avg:643.97ms
step:80/500 train_loss:3.7549 train_time:51523ms step_avg:644.03ms
step:90/500 train_loss:3.4897 train_time:57961ms step_avg:644.01ms
step:100/500 train_loss:3.6468 train_time:64401ms step_avg:644.01ms
step:100/500 val_loss:3.5705 val_bpb:2.1147 train_time:64401ms step_avg:644.01ms
step:110/500 train_loss:3.4198 train_time:70863ms step_avg:644.21ms
step:120/500 train_loss:3.3874 train_time:77326ms step_avg:644.38ms
step:130/500 train_loss:3.3276 train_time:83780ms step_avg:644.46ms
step:140/500 train_loss:3.3336 train_time:90241ms step_avg:644.58ms
step:150/500 train_loss:3.2293 train_time:96712ms step_avg:644.75ms
step:150/500 val_loss:3.3498 val_bpb:1.9839 train_time:96712ms step_avg:644.75ms
step:160/500 train_loss:3.2644 train_time:103181ms step_avg:644.88ms
step:170/500 train_loss:3.2046 train_time:109640ms step_avg:644.94ms
step:180/500 train_loss:3.2420 train_time:116093ms step_avg:644.96ms
step:190/500 train_loss:3.2044 train_time:122543ms step_avg:644.96ms
step:200/500 train_loss:3.1840 train_time:128992ms step_avg:644.96ms
step:200/500 val_loss:3.1313 val_bpb:1.8545 train_time:128992ms step_avg:644.96ms
step:210/500 train_loss:2.9843 train_time:135457ms step_avg:645.03ms
step:220/500 train_loss:3.0961 train_time:141903ms step_avg:645.02ms
step:230/500 train_loss:3.0252 train_time:148352ms step_avg:645.01ms
step:240/500 train_loss:3.0245 train_time:154792ms step_avg:644.97ms
step:250/500 train_loss:2.9819 train_time:161237ms step_avg:644.95ms
step:250/500 val_loss:3.0045 val_bpb:1.7794 train_time:161237ms step_avg:644.95ms
step:260/500 train_loss:2.9533 train_time:167698ms step_avg:644.99ms
step:270/500 train_loss:3.0197 train_time:174152ms step_avg:645.01ms
step:280/500 train_loss:2.8347 train_time:180599ms step_avg:645.00ms
step:290/500 train_loss:2.9231 train_time:187059ms step_avg:645.03ms
step:300/500 train_loss:2.8485 train_time:193505ms step_avg:645.02ms
step:300/500 val_loss:2.9308 val_bpb:1.7358 train_time:193505ms step_avg:645.02ms
step:310/500 train_loss:2.9447 train_time:199963ms step_avg:645.04ms
step:320/500 train_loss:2.8723 train_time:206410ms step_avg:645.03ms
step:330/500 train_loss:3.2191 train_time:212855ms step_avg:645.02ms
step:340/500 train_loss:2.9119 train_time:219295ms step_avg:644.99ms
step:350/500 train_loss:2.9367 train_time:225737ms step_avg:644.96ms
step:350/500 val_loss:2.8922 val_bpb:1.7129 train_time:225737ms step_avg:644.96ms
step:360/500 train_loss:2.9324 train_time:232186ms step_avg:644.96ms
step:370/500 train_loss:2.9143 train_time:238631ms step_avg:644.95ms
step:380/500 train_loss:2.9069 train_time:245070ms step_avg:644.92ms
step:390/500 train_loss:2.8718 train_time:251512ms step_avg:644.90ms
step:400/500 train_loss:2.8365 train_time:257954ms step_avg:644.89ms
step:400/500 val_loss:2.8645 val_bpb:1.6965 train_time:257955ms step_avg:644.89ms
step:410/500 train_loss:3.1009 train_time:264405ms step_avg:644.89ms
step:420/500 train_loss:2.8586 train_time:270855ms step_avg:644.89ms
step:430/500 train_loss:2.8772 train_time:277295ms step_avg:644.87ms
step:440/500 train_loss:2.8544 train_time:283735ms step_avg:644.85ms
step:450/500 train_loss:2.7916 train_time:290182ms step_avg:644.85ms
step:450/500 val_loss:2.8236 val_bpb:1.6723 train_time:290182ms step_avg:644.85ms
step:460/500 train_loss:2.7888 train_time:296627ms step_avg:644.84ms
step:470/500 train_loss:2.6581 train_time:303067ms step_avg:644.82ms
step:480/500 train_loss:2.7617 train_time:309502ms step_avg:644.80ms
step:490/500 train_loss:2.8823 train_time:315935ms step_avg:644.76ms
step:500/500 train_loss:2.7285 train_time:322365ms step_avg:644.73ms
step:500/500 val_loss:2.8152 val_bpb:1.6673 train_time:322366ms step_avg:644.73ms
peak memory allocated: 2352 MiB reserved: 2368 MiB
Serialized model: 60602193 bytes
Code size: 85115 bytes
Total submission size: 60687308 bytes
Serialized model int8+zlib: 12044667 bytes (payload:15390168 raw_torch:15473897 payload_ratio:3.93x)
Total submission size int8+zlib: 12129782 bytes
final_int8_zlib_roundtrip val_loss:2.8163 val_bpb:1.6679 eval_time:172657ms
final_int8_zlib_roundtrip_exact val_loss:2.81625542 val_bpb:1.66794509

=== Results ===
Final val_bpb:
final_int8_zlib_roundtrip_exact val_loss:2.81625542 val_bpb:1.66794509
Post-quant val_bpb:
final_int8_zlib_roundtrip_exact val_loss:2.81625542 val_bpb:1.66794509
===============
