Detected GPU: NVIDIA GeForce RTX 3090 -> 4.2s/step
============================================
Experiment: explore_layers_deeper_bb22
Max steps:  5
Wallclock:  25s (~0.4min)
============================================
Env overrides:
  TRAIN_BATCH_TOKENS=65536
  VAL_BATCH_SIZE=65536
  VAL_LOSS_EVERY=5
  TRAIN_LOG_EVERY=1
  PYTORCH_CUDA_ALLOC_CONF=expandable_segments:True
============================================
logs/explore_layers_deeper_bb22.txt
DEBUG_VAL_TOKENS: truncated val set to 16384 tokens
val_bpb:enabled tokenizer_kind=sentencepiece tokenizer_path=./data/tokenizers/fineweb_1024_bpe.model
train_loader:dataset:fineweb10B_sp1024 train_shards:1
val_loader:shards pattern=./data/datasets/fineweb10B_sp1024/fineweb_val_*.bin tokens:16384
model_params:16826300
world_size:1 grad_accum_steps:8
sdp_backends:cudnn=False flash=True mem_efficient=False math=False
attention_mode:gqa num_heads:6 num_kv_heads:3
tie_embeddings:False embed_lr:0.6 head_lr:0.008 matrix_lr:0.04 scalar_lr:0.04
train_batch_tokens:65536 train_seq_len:1024 iterations:5 warmup_steps:20 max_wallclock_seconds:25.000
seed:1337
factored_embed: bottleneck=128
soft_moe: num_experts=4
warmup_step:1/20
warmup_step:2/20
warmup_step:3/20
warmup_step:4/20
warmup_step:5/20
warmup_step:6/20
warmup_step:7/20
warmup_step:8/20
warmup_step:9/20
warmup_step:10/20
warmup_step:11/20
warmup_step:12/20
warmup_step:13/20
warmup_step:14/20
warmup_step:15/20
warmup_step:16/20
warmup_step:17/20
warmup_step:18/20
warmup_step:19/20
warmup_step:20/20
step:0/5 val_loss:6.9315 val_bpb:4.0551 train_time:0ms step_avg:0.02ms
step:1/5 train_loss:6.9315 train_time:695ms step_avg:694.95ms
step:2/5 train_loss:6.5215 train_time:1387ms step_avg:693.51ms
step:3/5 train_loss:6.4956 train_time:2083ms step_avg:694.24ms
step:4/5 train_loss:6.4617 train_time:2779ms step_avg:694.85ms
step:5/5 train_loss:6.4177 train_time:3477ms step_avg:695.31ms
step:5/5 val_loss:6.4006 val_bpb:3.7446 train_time:3477ms step_avg:695.36ms
peak memory allocated: 2597 MiB reserved: 2612 MiB
Serialized model: 67110707 bytes
Code size: 85116 bytes
Total submission size: 67195823 bytes
SKIP_QUANT_EVAL: skipping quantization eval

=== Results ===
Final val_bpb:
step:5/5 val_loss:6.4006 val_bpb:3.7446 train_time:3477ms step_avg:695.36ms
Post-quant val_bpb:
    log0(f"final_int8_zlib_roundtrip_exact val_loss:{q_val_loss:.8f} val_bpb:{q_val_bpb:.8f}")
===============
